<?xml version="1.0" encoding="UTF-8" ?>
<testsuite tests="120" failures="0" name="org.sbolstandard.core2.ValidationTest" time="1.117" errors="0" skipped="0">
  <properties>
[...]
</properties>
  <testcase classname="org.sbolstandard.core2.ValidationTest" name="testValidation[0]" time="0.024"/>
  <testcase classname="org.sbolstandard.core2.ValidationTest" name="testValidation[1]" time="0.012"/>
  <testcase classname="org.sbolstandard.core2.ValidationTest" name="testValidation[2]" time="0.01"/>
  <testcase classname="org.sbolstandard.core2.ValidationTest" name="testValidation[3]" time="0.009"/>
  <testcase classname="org.sbolstandard.core2.ValidationTest" name="testValidation[4]" time="0.011"/>
  <testcase classname="org.sbolstandard.core2.ValidationTest" name="testValidation[5]" time="0.012"/>
  <testcase classname="org.sbolstandard.core2.ValidationTest" name="testValidation[6]" time="0.011"/>
  <testcase classname="org.sbolstandard.core2.ValidationTest" name="testValidation[7]" time="0.007"/>
  <testcase classname="org.sbolstandard.core2.ValidationTest" name="testValidation[8]" time="0.011"/>
  <testcase classname="org.sbolstandard.core2.ValidationTest" name="testValidation[9]" time="0.01"/>
  <testcase classname="org.sbolstandard.core2.ValidationTest" name="testValidation[10]" time="0.011"/>
  <testcase classname="org.sbolstandard.core2.ValidationTest" name="testValidation[11]" time="0.025"/>
  <testcase classname="org.sbolstandard.core2.ValidationTest" name="testValidation[12]" time="0.009"/>
  <testcase classname="org.sbolstandard.core2.ValidationTest" name="testValidation[13]" time="0.008"/>
  <testcase classname="org.sbolstandard.core2.ValidationTest" name="testValidation[14]" time="0.008"/>
  <testcase classname="org.sbolstandard.core2.ValidationTest" name="testValidation[15]" time="0.008"/>
  <testcase classname="org.sbolstandard.core2.ValidationTest" name="testValidation[16]" time="0.004"/>
  <testcase classname="org.sbolstandard.core2.ValidationTest" name="testValidation[17]" time="0.008"/>
  <testcase classname="org.sbolstandard.core2.ValidationTest" name="testValidation[18]" time="0.009"/>
  <testcase classname="org.sbolstandard.core2.ValidationTest" name="testValidation[19]" time="0.01"/>
  <testcase classname="org.sbolstandard.core2.ValidationTest" name="testValidation[20]" time="0.01"/>
  <testcase classname="org.sbolstandard.core2.ValidationTest" name="testValidation[21]" time="0.015"/>
  <testcase classname="org.sbolstandard.core2.ValidationTest" name="testValidation[22]" time="0.01"/>
  <testcase classname="org.sbolstandard.core2.ValidationTest" name="testValidation[23]" time="0.008"/>
  <testcase classname="org.sbolstandard.core2.ValidationTest" name="testValidation[24]" time="0.001"/>
  <testcase classname="org.sbolstandard.core2.ValidationTest" name="testValidation[25]" time="0.009"/>
  <testcase classname="org.sbolstandard.core2.ValidationTest" name="testValidation[26]" time="0.009"/>
  <testcase classname="org.sbolstandard.core2.ValidationTest" name="testValidation[27]" time="0.008"/>
  <testcase classname="org.sbolstandard.core2.ValidationTest" name="testValidation[28]" time="0.007"/>
  <testcase classname="org.sbolstandard.core2.ValidationTest" name="testValidation[29]" time="0.008"/>
  <testcase classname="org.sbolstandard.core2.ValidationTest" name="testValidation[30]" time="0.002"/>
  <testcase classname="org.sbolstandard.core2.ValidationTest" name="testValidation[31]" time="0.001"/>
  <testcase classname="org.sbolstandard.core2.ValidationTest" name="testValidation[32]" time="0.008"/>
  <testcase classname="org.sbolstandard.core2.ValidationTest" name="testValidation[33]" time="0.008"/>
  <testcase classname="org.sbolstandard.core2.ValidationTest" name="testValidation[34]" time="0.009"/>
  <testcase classname="org.sbolstandard.core2.ValidationTest" name="testValidation[35]" time="0.01"/>
  <testcase classname="org.sbolstandard.core2.ValidationTest" name="testValidation[36]" time="0.007"/>
  <testcase classname="org.sbolstandard.core2.ValidationTest" name="testValidation[37]" time="0.009"/>
  <testcase classname="org.sbolstandard.core2.ValidationTest" name="testValidation[38]" time="0.009"/>
  <testcase classname="org.sbolstandard.core2.ValidationTest" name="testValidation[39]" time="0.008"/>
  <testcase classname="org.sbolstandard.core2.ValidationTest" name="testValidation[40]" time="0.011"/>
  <testcase classname="org.sbolstandard.core2.ValidationTest" name="testValidation[41]" time="0.007"/>
  <testcase classname="org.sbolstandard.core2.ValidationTest" name="testValidation[42]" time="0.01"/>
  <testcase classname="org.sbolstandard.core2.ValidationTest" name="testValidation[43]" time="0.01"/>
  <testcase classname="org.sbolstandard.core2.ValidationTest" name="testValidation[44]" time="0.009"/>
  <testcase classname="org.sbolstandard.core2.ValidationTest" name="testValidation[45]" time="0.009"/>
  <testcase classname="org.sbolstandard.core2.ValidationTest" name="testValidation[46]" time="0.01"/>
  <testcase classname="org.sbolstandard.core2.ValidationTest" name="testValidation[47]" time="0.001"/>
  <testcase classname="org.sbolstandard.core2.ValidationTest" name="testValidation[48]" time="0.008"/>
  <testcase classname="org.sbolstandard.core2.ValidationTest" name="testValidation[49]" time="0.009"/>
  <testcase classname="org.sbolstandard.core2.ValidationTest" name="testValidation[50]" time="0.009"/>
  <testcase classname="org.sbolstandard.core2.ValidationTest" name="testValidation[51]" time="0.011"/>
  <testcase classname="org.sbolstandard.core2.ValidationTest" name="testValidation[52]" time="0.006"/>
  <testcase classname="org.sbolstandard.core2.ValidationTest" name="testValidation[53]" time="0.008"/>
  <testcase classname="org.sbolstandard.core2.ValidationTest" name="testValidation[54]" time="0.007"/>
  <testcase classname="org.sbolstandard.core2.ValidationTest" name="testValidation[55]" time="0.009"/>
  <testcase classname="org.sbolstandard.core2.ValidationTest" name="testValidation[56]" time="0.01"/>
  <testcase classname="org.sbolstandard.core2.ValidationTest" name="testValidation[57]" time="0.01"/>
  <testcase classname="org.sbolstandard.core2.ValidationTest" name="testValidation[58]" time="0.009"/>
  <testcase classname="org.sbolstandard.core2.ValidationTest" name="testValidation[59]" time="0.007"/>
  <testcase classname="org.sbolstandard.core2.ValidationTest" name="testValidation[60]" time="0.009"/>
  <testcase classname="org.sbolstandard.core2.ValidationTest" name="testValidation[61]" time="0.009"/>
  <testcase classname="org.sbolstandard.core2.ValidationTest" name="testValidation[62]" time="0.006"/>
  <testcase classname="org.sbolstandard.core2.ValidationTest" name="testValidation[63]" time="0.007"/>
  <testcase classname="org.sbolstandard.core2.ValidationTest" name="testValidation[64]" time="0.009"/>
  <testcase classname="org.sbolstandard.core2.ValidationTest" name="testValidation[65]" time="0.009"/>
  <testcase classname="org.sbolstandard.core2.ValidationTest" name="testValidation[66]" time="0.011"/>
  <testcase classname="org.sbolstandard.core2.ValidationTest" name="testValidation[67]" time="0.008"/>
  <testcase classname="org.sbolstandard.core2.ValidationTest" name="testValidation[68]" time="0.009"/>
  <testcase classname="org.sbolstandard.core2.ValidationTest" name="testValidation[69]" time="0.007"/>
  <testcase classname="org.sbolstandard.core2.ValidationTest" name="testValidation[70]" time="0.007"/>
  <testcase classname="org.sbolstandard.core2.ValidationTest" name="testValidation[71]" time="0.008"/>
  <testcase classname="org.sbolstandard.core2.ValidationTest" name="testValidation[72]" time="0.009"/>
  <testcase classname="org.sbolstandard.core2.ValidationTest" name="testValidation[73]" time="0.009"/>
  <testcase classname="org.sbolstandard.core2.ValidationTest" name="testValidation[74]" time="0.001"/>
  <testcase classname="org.sbolstandard.core2.ValidationTest" name="testValidation[75]" time="0.008"/>
  <testcase classname="org.sbolstandard.core2.ValidationTest" name="testValidation[76]" time="0.01"/>
  <testcase classname="org.sbolstandard.core2.ValidationTest" name="testValidation[77]" time="0.006"/>
  <testcase classname="org.sbolstandard.core2.ValidationTest" name="testValidation[78]" time="0.009"/>
  <testcase classname="org.sbolstandard.core2.ValidationTest" name="testValidation[79]" time="0.008"/>
  <testcase classname="org.sbolstandard.core2.ValidationTest" name="testValidation[80]" time="0.009"/>
  <testcase classname="org.sbolstandard.core2.ValidationTest" name="testValidation[81]" time="0.012"/>
  <testcase classname="org.sbolstandard.core2.ValidationTest" name="testValidation[82]" time="0.008"/>
  <testcase classname="org.sbolstandard.core2.ValidationTest" name="testValidation[83]" time="0.008"/>
  <testcase classname="org.sbolstandard.core2.ValidationTest" name="testValidation[84]" time="0.009"/>
  <testcase classname="org.sbolstandard.core2.ValidationTest" name="testValidation[85]" time="0.007"/>
  <testcase classname="org.sbolstandard.core2.ValidationTest" name="testValidation[86]" time="0.007"/>
  <testcase classname="org.sbolstandard.core2.ValidationTest" name="testValidation[87]" time="0.009"/>
  <testcase classname="org.sbolstandard.core2.ValidationTest" name="testValidation[88]" time="0.001"/>
  <testcase classname="org.sbolstandard.core2.ValidationTest" name="testValidation[89]" time="0.005"/>
  <testcase classname="org.sbolstandard.core2.ValidationTest" name="testValidation[90]" time="0.01"/>
  <testcase classname="org.sbolstandard.core2.ValidationTest" name="testValidation[91]" time="0.009"/>
  <testcase classname="org.sbolstandard.core2.ValidationTest" name="testValidation[92]" time="0.009"/>
  <testcase classname="org.sbolstandard.core2.ValidationTest" name="testValidation[93]" time="0.008"/>
  <testcase classname="org.sbolstandard.core2.ValidationTest" name="testValidation[94]" time="0.008"/>
  <testcase classname="org.sbolstandard.core2.ValidationTest" name="testValidation[95]" time="0.007"/>
  <testcase classname="org.sbolstandard.core2.ValidationTest" name="testValidation[96]" time="0.006"/>
  <testcase classname="org.sbolstandard.core2.ValidationTest" name="testValidation[97]" time="0.007"/>
  <testcase classname="org.sbolstandard.core2.ValidationTest" name="testValidation[98]" time="0.01"/>
  <testcase classname="org.sbolstandard.core2.ValidationTest" name="testValidation[99]" time="0.001"/>
  <testcase classname="org.sbolstandard.core2.ValidationTest" name="testValidation[100]" time="0.009"/>
  <testcase classname="org.sbolstandard.core2.ValidationTest" name="testValidation[101]" time="0.008"/>
  <testcase classname="org.sbolstandard.core2.ValidationTest" name="testValidation[102]" time="0.009"/>
  <testcase classname="org.sbolstandard.core2.ValidationTest" name="testValidation[103]" time="0.008"/>
  <testcase classname="org.sbolstandard.core2.ValidationTest" name="testValidation[104]" time="0.008"/>
  <testcase classname="org.sbolstandard.core2.ValidationTest" name="testValidation[105]" time="0.008"/>
  <testcase classname="org.sbolstandard.core2.ValidationTest" name="testValidation[106]" time="0.002"/>
  <testcase classname="org.sbolstandard.core2.ValidationTest" name="testValidation[107]" time="0.007"/>
  <testcase classname="org.sbolstandard.core2.ValidationTest" name="testValidation[108]" time="0.01"/>
  <testcase classname="org.sbolstandard.core2.ValidationTest" name="testValidation[109]" time="0.006"/>
  <testcase classname="org.sbolstandard.core2.ValidationTest" name="testValidation[110]" time="0.009"/>
  <testcase classname="org.sbolstandard.core2.ValidationTest" name="testValidation[111]" time="0.115"/>
  <testcase classname="org.sbolstandard.core2.ValidationTest" name="testValidation[112]" time="0.008"/>
  <testcase classname="org.sbolstandard.core2.ValidationTest" name="testValidation[113]" time="0.008"/>
  <testcase classname="org.sbolstandard.core2.ValidationTest" name="testValidation[114]" time="0.009"/>
  <testcase classname="org.sbolstandard.core2.ValidationTest" name="testValidation[115]" time="0.008"/>
  <testcase classname="org.sbolstandard.core2.ValidationTest" name="testValidation[116]" time="0.01"/>
  <testcase classname="org.sbolstandard.core2.ValidationTest" name="testValidation[117]" time="0.007"/>
  <testcase classname="org.sbolstandard.core2.ValidationTest" name="testValidation[118]" time="0.007"/>
  <testcase classname="org.sbolstandard.core2.ValidationTest" name="testValidation[119]" time="0.009"/>
</testsuite>