<?xml version="1.0" encoding="UTF-8" ?>
<testsuite tests="66" failures="0" name="org.sbolstandard.core2.SBOLWriterTest" time="5.676" errors="0" skipped="0">
  <properties>
[...]
</properties>
  <testcase classname="org.sbolstandard.core2.SBOLWriterTest" name="test_BBa_I0462_File" time="0.049"/>
  <testcase classname="org.sbolstandard.core2.SBOLWriterTest" name="test_ModelOutput" time="0"/>
  <testcase classname="org.sbolstandard.core2.SBOLWriterTest" name="test_SBOLDocumentOutput" time="0"/>
  <testcase classname="org.sbolstandard.core2.SBOLWriterTest" name="test_singleFunctionalComponent" time="0"/>
  <testcase classname="org.sbolstandard.core2.SBOLWriterTest" name="test_CutExample" time="0"/>
  <testcase classname="org.sbolstandard.core2.SBOLWriterTest" name="test_AnnotationOutput" time="0"/>
  <testcase classname="org.sbolstandard.core2.SBOLWriterTest" name="test_SequenceConstraintOutput" time="0.008"/>
  <testcase classname="org.sbolstandard.core2.SBOLWriterTest" name="test_SBOL1andSBOL2Test_File" time="0.003"/>
  <testcase classname="org.sbolstandard.core2.SBOLWriterTest" name="test_multipleSquences" time="0.002"/>
  <testcase classname="org.sbolstandard.core2.SBOLWriterTest" name="test_singleModel" time="0.002"/>
  <testcase classname="org.sbolstandard.core2.SBOLWriterTest" name="test_labhost_Saccharomyces_cerevisiae" time="0.162"/>
  <testcase classname="org.sbolstandard.core2.SBOLWriterTest" name="test_labhost_Schizosaccharomyces_pombe" time="0.019"/>
  <testcase classname="org.sbolstandard.core2.SBOLWriterTest" name="test_labhost_Unspecified" time="0.293"/>
  <testcase classname="org.sbolstandard.core2.SBOLWriterTest" name="test_labhost_Plant_Cells" time="0.182"/>
  <testcase classname="org.sbolstandard.core2.SBOLWriterTest" name="test_labhost_Aspergillus_nidulans" time="0.01"/>
  <testcase classname="org.sbolstandard.core2.SBOLWriterTest" name="test_GenericTopLevel_remove" time="0.001"/>
  <testcase classname="org.sbolstandard.core2.SBOLWriterTest" name="test_singleCollection" time="0.001"/>
  <testcase classname="org.sbolstandard.core2.SBOLWriterTest" name="test_pIKE_pTAK_toggle_switches" time="0.39"/>
  <testcase classname="org.sbolstandard.core2.SBOLWriterTest" name="test_Model_remove" time="0.001"/>
  <testcase classname="org.sbolstandard.core2.SBOLWriterTest" name="test_pIKE_pTAK_cassettes_2" time="0.132"/>
  <testcase classname="org.sbolstandard.core2.SBOLWriterTest" name="test_CreateAndRemoveModuleDefintion" time="0.001"/>
  <testcase classname="org.sbolstandard.core2.SBOLWriterTest" name="test_CollectionOutput" time="0.001"/>
  <testcase classname="org.sbolstandard.core2.SBOLWriterTest" name="test_memberAnnotations" time="0.004"/>
  <testcase classname="org.sbolstandard.core2.SBOLWriterTest" name="test_CreateAndRemoveComponentDefintion" time="0.001"/>
  <testcase classname="org.sbolstandard.core2.SBOLWriterTest" name="test_multipleGenericTopLevel" time="0.001"/>
  <testcase classname="org.sbolstandard.core2.SBOLWriterTest" name="test_toggle_File" time="0.019"/>
  <testcase classname="org.sbolstandard.core2.SBOLWriterTest" name="test_partial_pIKE_right_casette" time="0.015"/>
  <testcase classname="org.sbolstandard.core2.SBOLWriterTest" name="test_pIKE_pTAK_cassettes" time="0.131"/>
  <testcase classname="org.sbolstandard.core2.SBOLWriterTest" name="test_singleSequence" time="0.002"/>
  <testcase classname="org.sbolstandard.core2.SBOLWriterTest" name="test_labhost_Pichia_pastoris" time="0.054"/>
  <testcase classname="org.sbolstandard.core2.SBOLWriterTest" name="test_partial_pTAK_right_cassette" time="0.015"/>
  <testcase classname="org.sbolstandard.core2.SBOLWriterTest" name="test_SimpleComponentDefinitionExample" time="0.002"/>
  <testcase classname="org.sbolstandard.core2.SBOLWriterTest" name="test_single_emptyModuleDefinition" time="0.002"/>
  <testcase classname="org.sbolstandard.core2.SBOLWriterTest" name="test_SequenceOutput" time="0.001"/>
  <testcase classname="org.sbolstandard.core2.SBOLWriterTest" name="test_CreateAndRemoveGenericTopLevel" time="0.001"/>
  <testcase classname="org.sbolstandard.core2.SBOLWriterTest" name="test_partial_pTAK_left_cassette" time="0.013"/>
  <testcase classname="org.sbolstandard.core2.SBOLWriterTest" name="test_singleGenericTopLevel" time="0.001"/>
  <testcase classname="org.sbolstandard.core2.SBOLWriterTest" name="test_labhost_Escherichia_Coli" time="0.594"/>
  <testcase classname="org.sbolstandard.core2.SBOLWriterTest" name="test_labhost_Gramnegative_bacteria" time="0.014"/>
  <testcase classname="org.sbolstandard.core2.SBOLWriterTest" name="test_singleComponentDefinition" time="0.001"/>
  <testcase classname="org.sbolstandard.core2.SBOLWriterTest" name="test_singleCompDef_withSeq" time="0.001"/>
  <testcase classname="org.sbolstandard.core2.SBOLWriterTest" name="test_multipleCollections_no_Members" time="0.001"/>
  <testcase classname="org.sbolstandard.core2.SBOLWriterTest" name="test_Sequence_remove" time="0.001"/>
  <testcase classname="org.sbolstandard.core2.SBOLWriterTest" name="test_labhost_Insect_Cells" time="0.184"/>
  <testcase classname="org.sbolstandard.core2.SBOLWriterTest" name="test_SimpleModuleDefinition" time="0.002"/>
  <testcase classname="org.sbolstandard.core2.SBOLWriterTest" name="test_labhost_Drosophila_melanogaster" time="0.016"/>
  <testcase classname="org.sbolstandard.core2.SBOLWriterTest" name="test_ModuleDefinition_remove" time="0.001"/>
  <testcase classname="org.sbolstandard.core2.SBOLWriterTest" name="test_partial_pIKE_left_cassette" time="0.01"/>
  <testcase classname="org.sbolstandard.core2.SBOLWriterTest" name="test_labhost_Bacillus_subtilis" time="0.009"/>
  <testcase classname="org.sbolstandard.core2.SBOLWriterTest" name="test_CreateAndRemoveCollections" time="0.001"/>
  <testcase classname="org.sbolstandard.core2.SBOLWriterTest" name="test_ComponentDefinitionOutput" time="0.005"/>
  <testcase classname="org.sbolstandard.core2.SBOLWriterTest" name="test_Collection_remove" time="0.001"/>
  <testcase classname="org.sbolstandard.core2.SBOLWriterTest" name="test_ComponentDefinition_remove" time="0.001"/>
  <testcase classname="org.sbolstandard.core2.SBOLWriterTest" name="test_BBa_T9002_File" time="0.086"/>
  <testcase classname="org.sbolstandard.core2.SBOLWriterTest" name="test_ModuleDefinitionOutput" time="0.015"/>
  <testcase classname="org.sbolstandard.core2.SBOLWriterTest" name="test_partial_pIKE_right_cassette" time="0.017"/>
  <testcase classname="org.sbolstandard.core2.SBOLWriterTest" name="test_labhost_Mammalian_Cells" time="0.732"/>
  <testcase classname="org.sbolstandard.core2.SBOLWriterTest" name="test_labhost_Kluyveromyces_lactis" time="0.017"/>
  <testcase classname="org.sbolstandard.core2.SBOLWriterTest" name="test_GenericTopLevelOutput" time="0.002"/>
  <testcase classname="org.sbolstandard.core2.SBOLWriterTest" name="test_igem1_File" time="0.091"/>
  <testcase classname="org.sbolstandard.core2.SBOLWriterTest" name="test_igem2_File" time="0.112"/>
  <testcase classname="org.sbolstandard.core2.SBOLWriterTest" name="test_CreateAndRemoveModel" time="0.003"/>
  <testcase classname="org.sbolstandard.core2.SBOLWriterTest" name="test_labhost_All_File" time="1.805"/>
  <testcase classname="org.sbolstandard.core2.SBOLWriterTest" name="test_igem3_File" time="0.09"/>
  <testcase classname="org.sbolstandard.core2.SBOLWriterTest" name="test_GenBank_Files" time="0.151"/>
  <testcase classname="org.sbolstandard.core2.SBOLWriterTest" name="test_pIKE_pTAK_left_right_cassettes" time="0.194"/>
</testsuite>